**********************
PowerShell transcript start
Start time: 20250611153044
Username: LAPTOP-JRNI3T1A\leebo
RunAs User: LAPTOP-JRNI3T1A\leebo
Configuration Name: 
Machine: LAPTOP-JRNI3T1A (Microsoft Windows NT 10.0.22631.0)
Host Application: C:\Program Files\PowerShell\7\pwsh.dll -NoExit -Command Set-Location C:\Users\leebo\OneDrive\Desktop\exosuite_optimized
Process ID: 14932
PSVersion: 7.5.1
PSEdition: Core
GitCommitId: 7.5.1
OS: Microsoft Windows 10.0.22631
Platform: Win32NT
PSCompatibleVersions: 1.0, 2.0, 3.0, 4.0, 5.0, 5.1, 6.0, 7.0
PSRemotingProtocolVersion: 2.3
SerializationVersion: 1.1.0.1
WSManStackVersion: 3.0
**********************
Transcript started, output file is C:\Users\leebo\OneDrive\Desktop\exosuite_optimized\deploy_ci.log
Everything up-to-date
./ci_startup_script.sh: 
Line |
   6 |  ./ci_startup_script.sh
     |  ~~~~~~~~~~~~~~~~~~~~~~
     | The term './ci_startup_script.sh' is not recognized as a name of a cmdlet, function, script file, or executable program.
Check the spelling of the name, or if a path was included, verify that the path is correct and try again.
./ci_startup_script.sh: 
Line |
   6 |  ./ci_startup_script.sh
     |  ~~~~~~~~~~~~~~~~~~~~~~
     | The term './ci_startup_script.sh' is not recognized as a name of a cmdlet, function, script file, or executable program.
Check the spelling of the name, or if a path was included, verify that the path is correct and try again.
**********************
PowerShell transcript end
End time: 20250611153047
**********************
